<?xml version="1.0" encoding="UTF-8"?>
<coverage generated="1655746879483" clover="3.2.0">
  <project timestamp="1655746879484" name="All files">
    <metrics statements="66" coveredstatements="49" conditionals="14" coveredconditionals="4" methods="13" coveredmethods="7" elements="93" coveredelements="60" complexity="0" loc="66" ncloc="66" packages="6" files="7" classes="7"/>
    <package name="Desafio-CRUD-pontos-no-Mapa">
      <metrics statements="2" coveredstatements="2" conditionals="0" coveredconditionals="0" methods="0" coveredmethods="0"/>
      <file name="USER_CONNECT.js" path="/home/angelo/Documentos/Projetos e Avaliações/Desafios-Checkplant-Back-end/Desafio-CRUD-pontos-no-Mapa/USER_CONNECT.js">
        <metrics statements="2" coveredstatements="2" conditionals="0" coveredconditionals="0" methods="0" coveredmethods="0"/>
        <line num="1" count="1" type="stmt"/>
        <line num="3" count="1" type="stmt"/>
      </file>
    </package>
    <package name="Desafio-CRUD-pontos-no-Mapa.src">
      <metrics statements="10" coveredstatements="10" conditionals="0" coveredconditionals="0" methods="1" coveredmethods="1"/>
      <file name="app.js" path="/home/angelo/Documentos/Projetos e Avaliações/Desafios-Checkplant-Back-end/Desafio-CRUD-pontos-no-Mapa/src/app.js">
        <metrics statements="10" coveredstatements="10" conditionals="0" coveredconditionals="0" methods="1" coveredmethods="1"/>
        <line num="1" count="1" type="stmt"/>
        <line num="2" count="1" type="stmt"/>
        <line num="3" count="1" type="stmt"/>
        <line num="5" count="1" type="stmt"/>
        <line num="6" count="1" type="stmt"/>
        <line num="7" count="1" type="stmt"/>
        <line num="10" count="1" type="stmt"/>
        <line num="11" count="1" type="stmt"/>
        <line num="12" count="1" type="stmt"/>
        <line num="14" count="1" type="stmt"/>
      </file>
    </package>
    <package name="Desafio-CRUD-pontos-no-Mapa.src.config">
      <metrics statements="5" coveredstatements="5" conditionals="0" coveredconditionals="0" methods="0" coveredmethods="0"/>
      <file name="dbConnect.js" path="/home/angelo/Documentos/Projetos e Avaliações/Desafios-Checkplant-Back-end/Desafio-CRUD-pontos-no-Mapa/src/config/dbConnect.js">
        <metrics statements="5" coveredstatements="5" conditionals="0" coveredconditionals="0" methods="0" coveredmethods="0"/>
        <line num="1" count="1" type="stmt"/>
        <line num="2" count="1" type="stmt"/>
        <line num="4" count="1" type="stmt"/>
        <line num="8" count="1" type="stmt"/>
        <line num="10" count="1" type="stmt"/>
      </file>
    </package>
    <package name="Desafio-CRUD-pontos-no-Mapa.src.controllers">
      <metrics statements="31" coveredstatements="14" conditionals="14" coveredconditionals="4" methods="10" coveredmethods="4"/>
      <file name="marcadoresController.js" path="/home/angelo/Documentos/Projetos e Avaliações/Desafios-Checkplant-Back-end/Desafio-CRUD-pontos-no-Mapa/src/controllers/marcadoresController.js">
        <metrics statements="31" coveredstatements="14" conditionals="14" coveredconditionals="4" methods="10" coveredmethods="4"/>
        <line num="1" count="1" type="stmt"/>
        <line num="5" count="1" type="stmt"/>
        <line num="6" count="3" type="stmt"/>
        <line num="7" count="3" type="cond" truecount="3" falsecount="1"/>
        <line num="8" count="3" type="stmt"/>
        <line num="10" count="0" type="stmt"/>
        <line num="15" count="1" type="stmt"/>
        <line num="16" count="0" type="stmt"/>
        <line num="17" count="0" type="stmt"/>
        <line num="18" count="0" type="cond" truecount="0" falsecount="4"/>
        <line num="19" count="0" type="stmt"/>
        <line num="21" count="0" type="stmt"/>
        <line num="26" count="1" type="stmt"/>
        <line num="27" count="1" type="stmt"/>
        <line num="28" count="1" type="stmt"/>
        <line num="29" count="1" type="cond" truecount="1" falsecount="1"/>
        <line num="30" count="1" type="stmt"/>
        <line num="32" count="0" type="stmt"/>
        <line num="37" count="1" type="stmt"/>
        <line num="38" count="0" type="stmt"/>
        <line num="40" count="0" type="stmt"/>
        <line num="41" count="0" type="cond" truecount="0" falsecount="2"/>
        <line num="42" count="0" type="stmt"/>
        <line num="44" count="0" type="stmt"/>
        <line num="49" count="1" type="stmt"/>
        <line num="50" count="0" type="stmt"/>
        <line num="51" count="0" type="stmt"/>
        <line num="52" count="0" type="cond" truecount="0" falsecount="2"/>
        <line num="53" count="0" type="stmt"/>
        <line num="55" count="0" type="stmt"/>
        <line num="61" count="1" type="stmt"/>
      </file>
    </package>
    <package name="Desafio-CRUD-pontos-no-Mapa.src.models">
      <metrics statements="6" coveredstatements="6" conditionals="0" coveredconditionals="0" methods="0" coveredmethods="0"/>
      <file name="Marcador-Schema.js" path="/home/angelo/Documentos/Projetos e Avaliações/Desafios-Checkplant-Back-end/Desafio-CRUD-pontos-no-Mapa/src/models/Marcador-Schema.js">
        <metrics statements="6" coveredstatements="6" conditionals="0" coveredconditionals="0" methods="0" coveredmethods="0"/>
        <line num="1" count="1" type="stmt"/>
        <line num="3" count="1" type="stmt"/>
        <line num="4" count="1" type="stmt"/>
        <line num="6" count="1" type="stmt"/>
        <line num="15" count="1" type="stmt"/>
        <line num="17" count="1" type="stmt"/>
      </file>
    </package>
    <package name="Desafio-CRUD-pontos-no-Mapa.src.routes">
      <metrics statements="12" coveredstatements="12" conditionals="0" coveredconditionals="0" methods="2" coveredmethods="2"/>
      <file name="index.js" path="/home/angelo/Documentos/Projetos e Avaliações/Desafios-Checkplant-Back-end/Desafio-CRUD-pontos-no-Mapa/src/routes/index.js">
        <metrics statements="7" coveredstatements="7" conditionals="0" coveredconditionals="0" methods="2" coveredmethods="2"/>
        <line num="1" count="1" type="stmt"/>
        <line num="2" count="1" type="stmt"/>
        <line num="4" count="1" type="stmt"/>
        <line num="5" count="1" type="stmt"/>
        <line num="6" count="1" type="stmt"/>
        <line num="9" count="1" type="stmt"/>
        <line num="15" count="1" type="stmt"/>
      </file>
      <file name="marcadoresRoutes.js" path="/home/angelo/Documentos/Projetos e Avaliações/Desafios-Checkplant-Back-end/Desafio-CRUD-pontos-no-Mapa/src/routes/marcadoresRoutes.js">
        <metrics statements="5" coveredstatements="5" conditionals="0" coveredconditionals="0" methods="0" coveredmethods="0"/>
        <line num="1" count="1" type="stmt"/>
        <line num="2" count="1" type="stmt"/>
        <line num="4" count="1" type="stmt"/>
        <line num="6" count="1" type="stmt"/>
        <line num="13" count="1" type="stmt"/>
      </file>
    </package>
  </project>
</coverage>
