{"/home/angelo/Documentos/Projetos e Avaliações/Desafios-Checkplant-Back-end/Desafio-CRUD-pontos-no-Mapa/USER_CONNECT.js": {"path":"/home/angelo/Documentos/Projetos e Avaliações/Desafios-Checkplant-Back-end/Desafio-CRUD-pontos-no-Mapa/USER_CONNECT.js","statementMap":{"0":{"start":{"line":1,"column":22},"end":{"line":1,"column":43}},"1":{"start":{"line":3,"column":0},"end":{"line":3,"column":31}}},"fnMap":{},"branchMap":{},"s":{"0":1,"1":1},"f":{},"b":{},"_coverageSchema":"1a1c01bbd47fc00a2c39e90264f33305004495a9","hash":"4e24b2475da889525cf4e0249e450546f8b3f045"}
,"/home/angelo/Documentos/Projetos e Avaliações/Desafios-Checkplant-Back-end/Desafio-CRUD-pontos-no-Mapa/src/app.js": {"path":"/home/angelo/Documentos/Projetos e Avaliações/Desafios-Checkplant-Back-end/Desafio-CRUD-pontos-no-Mapa/src/app.js","statementMap":{"0":{"start":{"line":1,"column":16},"end":{"line":1,"column":34}},"1":{"start":{"line":2,"column":11},"end":{"line":2,"column":43}},"2":{"start":{"line":3,"column":15},"end":{"line":3,"column":43}},"3":{"start":{"line":5,"column":0},"end":{"line":5,"column":63}},"4":{"start":{"line":6,"column":0},"end":{"line":8,"column":3}},"5":{"start":{"line":7,"column":4},"end":{"line":7,"column":43}},"6":{"start":{"line":10,"column":12},"end":{"line":10,"column":21}},"7":{"start":{"line":11,"column":0},"end":{"line":11,"column":24}},"8":{"start":{"line":12,"column":0},"end":{"line":12,"column":12}},"9":{"start":{"line":14,"column":0},"end":{"line":14,"column":21}}},"fnMap":{"0":{"name":"(anonymous_0)","decl":{"start":{"line":6,"column":16},"end":{"line":6,"column":17}},"loc":{"start":{"line":6,"column":22},"end":{"line":8,"column":1}},"line":6}},"branchMap":{},"s":{"0":1,"1":1,"2":1,"3":1,"4":1,"5":1,"6":1,"7":1,"8":1,"9":1},"f":{"0":1},"b":{},"_coverageSchema":"1a1c01bbd47fc00a2c39e90264f33305004495a9","hash":"8e975322b76aaa5a9d7f44e3f7502ff12950b68d"}
,"/home/angelo/Documentos/Projetos e Avaliações/Desafios-Checkplant-Back-end/Desafio-CRUD-pontos-no-Mapa/src/config/dbConnect.js": {"path":"/home/angelo/Documentos/Projetos e Avaliações/Desafios-Checkplant-Back-end/Desafio-CRUD-pontos-no-Mapa/src/config/dbConnect.js","statementMap":{"0":{"start":{"line":1,"column":17},"end":{"line":1,"column":36}},"1":{"start":{"line":2,"column":22},"end":{"line":2,"column":54}},"2":{"start":{"line":4,"column":0},"end":{"line":6,"column":2}},"3":{"start":{"line":8,"column":9},"end":{"line":8,"column":28}},"4":{"start":{"line":10,"column":0},"end":{"line":10,"column":20}}},"fnMap":{},"branchMap":{},"s":{"0":1,"1":1,"2":1,"3":1,"4":1},"f":{},"b":{},"_coverageSchema":"1a1c01bbd47fc00a2c39e90264f33305004495a9","hash":"c9e4a03acc9e77e4be4e93323f43341de32473a6"}
,"/home/angelo/Documentos/Projetos e Avaliações/Desafios-Checkplant-Back-end/Desafio-CRUD-pontos-no-Mapa/src/controllers/marcadoresController.js": {"path":"/home/angelo/Documentos/Projetos e Avaliações/Desafios-Checkplant-Back-end/Desafio-CRUD-pontos-no-Mapa/src/controllers/marcadoresController.js","statementMap":{"0":{"start":{"line":1,"column":19},"end":{"line":1,"column":58}},"1":{"start":{"line":5,"column":35},"end":{"line":13,"column":5}},"2":{"start":{"line":6,"column":8},"end":{"line":12,"column":10}},"3":{"start":{"line":7,"column":12},"end":{"line":11,"column":13}},"4":{"start":{"line":8,"column":16},"end":{"line":8,"column":78}},"5":{"start":{"line":10,"column":16},"end":{"line":10,"column":48}},"6":{"start":{"line":15,"column":28},"end":{"line":24,"column":5}},"7":{"start":{"line":16,"column":23},"end":{"line":16,"column":33}},"8":{"start":{"line":17,"column":8},"end":{"line":23,"column":10}},"9":{"start":{"line":18,"column":12},"end":{"line":22,"column":13}},"10":{"start":{"line":19,"column":16},"end":{"line":19,"column":94}},"11":{"start":{"line":21,"column":16},"end":{"line":21,"column":48}},"12":{"start":{"line":26,"column":30},"end":{"line":35,"column":5}},"13":{"start":{"line":27,"column":27},"end":{"line":27,"column":51}},"14":{"start":{"line":28,"column":8},"end":{"line":34,"column":10}},"15":{"start":{"line":29,"column":12},"end":{"line":33,"column":13}},"16":{"start":{"line":30,"column":16},"end":{"line":30,"column":101}},"17":{"start":{"line":32,"column":16},"end":{"line":32,"column":82}},"18":{"start":{"line":37,"column":30},"end":{"line":47,"column":5}},"19":{"start":{"line":38,"column":23},"end":{"line":38,"column":33}},"20":{"start":{"line":40,"column":8},"end":{"line":46,"column":10}},"21":{"start":{"line":41,"column":12},"end":{"line":45,"column":13}},"22":{"start":{"line":42,"column":16},"end":{"line":42,"column":60}},"23":{"start":{"line":44,"column":16},"end":{"line":44,"column":83}},"24":{"start":{"line":49,"column":28},"end":{"line":58,"column":5}},"25":{"start":{"line":50,"column":23},"end":{"line":50,"column":33}},"26":{"start":{"line":51,"column":8},"end":{"line":57,"column":10}},"27":{"start":{"line":52,"column":12},"end":{"line":56,"column":13}},"28":{"start":{"line":53,"column":16},"end":{"line":53,"column":94}},"29":{"start":{"line":55,"column":16},"end":{"line":55,"column":92}},"30":{"start":{"line":61,"column":0},"end":{"line":61,"column":38}}},"fnMap":{"0":{"name":"(anonymous_0)","decl":{"start":{"line":5,"column":35},"end":{"line":5,"column":36}},"loc":{"start":{"line":5,"column":49},"end":{"line":13,"column":5}},"line":5},"1":{"name":"(anonymous_1)","decl":{"start":{"line":6,"column":24},"end":{"line":6,"column":25}},"loc":{"start":{"line":6,"column":45},"end":{"line":12,"column":9}},"line":6},"2":{"name":"(anonymous_2)","decl":{"start":{"line":15,"column":28},"end":{"line":15,"column":29}},"loc":{"start":{"line":15,"column":42},"end":{"line":24,"column":5}},"line":15},"3":{"name":"(anonymous_3)","decl":{"start":{"line":17,"column":32},"end":{"line":17,"column":33}},"loc":{"start":{"line":17,"column":59},"end":{"line":23,"column":9}},"line":17},"4":{"name":"(anonymous_4)","decl":{"start":{"line":26,"column":30},"end":{"line":26,"column":31}},"loc":{"start":{"line":26,"column":44},"end":{"line":35,"column":5}},"line":26},"5":{"name":"(anonymous_5)","decl":{"start":{"line":28,"column":26},"end":{"line":28,"column":27}},"loc":{"start":{"line":28,"column":35},"end":{"line":34,"column":9}},"line":28},"6":{"name":"(anonymous_6)","decl":{"start":{"line":37,"column":30},"end":{"line":37,"column":31}},"loc":{"start":{"line":37,"column":44},"end":{"line":47,"column":5}},"line":37},"7":{"name":"(anonymous_7)","decl":{"start":{"line":40,"column":59},"end":{"line":40,"column":60}},"loc":{"start":{"line":40,"column":68},"end":{"line":46,"column":9}},"line":40},"8":{"name":"(anonymous_8)","decl":{"start":{"line":49,"column":28},"end":{"line":49,"column":29}},"loc":{"start":{"line":49,"column":42},"end":{"line":58,"column":5}},"line":49},"9":{"name":"(anonymous_9)","decl":{"start":{"line":51,"column":41},"end":{"line":51,"column":42}},"loc":{"start":{"line":51,"column":50},"end":{"line":57,"column":9}},"line":51}},"branchMap":{"0":{"loc":{"start":{"line":7,"column":12},"end":{"line":11,"column":13}},"type":"if","locations":[{"start":{"line":7,"column":12},"end":{"line":11,"column":13}},{"start":{"line":9,"column":19},"end":{"line":11,"column":13}}],"line":7},"1":{"loc":{"start":{"line":7,"column":15},"end":{"line":7,"column":24}},"type":"binary-expr","locations":[{"start":{"line":7,"column":15},"end":{"line":7,"column":18}},{"start":{"line":7,"column":22},"end":{"line":7,"column":24}}],"line":7},"2":{"loc":{"start":{"line":18,"column":12},"end":{"line":22,"column":13}},"type":"if","locations":[{"start":{"line":18,"column":12},"end":{"line":22,"column":13}},{"start":{"line":20,"column":19},"end":{"line":22,"column":13}}],"line":18},"3":{"loc":{"start":{"line":18,"column":15},"end":{"line":18,"column":41}},"type":"binary-expr","locations":[{"start":{"line":18,"column":15},"end":{"line":18,"column":18}},{"start":{"line":18,"column":22},"end":{"line":18,"column":41}}],"line":18},"4":{"loc":{"start":{"line":29,"column":12},"end":{"line":33,"column":13}},"type":"if","locations":[{"start":{"line":29,"column":12},"end":{"line":33,"column":13}},{"start":{"line":31,"column":19},"end":{"line":33,"column":13}}],"line":29},"5":{"loc":{"start":{"line":41,"column":12},"end":{"line":45,"column":13}},"type":"if","locations":[{"start":{"line":41,"column":12},"end":{"line":45,"column":13}},{"start":{"line":43,"column":19},"end":{"line":45,"column":13}}],"line":41},"6":{"loc":{"start":{"line":52,"column":12},"end":{"line":56,"column":13}},"type":"if","locations":[{"start":{"line":52,"column":12},"end":{"line":56,"column":13}},{"start":{"line":54,"column":19},"end":{"line":56,"column":13}}],"line":52}},"s":{"0":1,"1":1,"2":3,"3":3,"4":3,"5":0,"6":1,"7":0,"8":0,"9":0,"10":0,"11":0,"12":1,"13":1,"14":1,"15":1,"16":1,"17":0,"18":1,"19":0,"20":0,"21":0,"22":0,"23":0,"24":1,"25":0,"26":0,"27":0,"28":0,"29":0,"30":1},"f":{"0":3,"1":3,"2":0,"3":0,"4":1,"5":1,"6":0,"7":0,"8":0,"9":0},"b":{"0":[3,0],"1":[3,3],"2":[0,0],"3":[0,0],"4":[1,0],"5":[0,0],"6":[0,0]},"_coverageSchema":"1a1c01bbd47fc00a2c39e90264f33305004495a9","hash":"2861e9bd0d1803c45e4e3d165f6fc8e3204f774e"}
,"/home/angelo/Documentos/Projetos e Avaliações/Desafios-Checkplant-Back-end/Desafio-CRUD-pontos-no-Mapa/src/models/Marcador-Schema.js": {"path":"/home/angelo/Documentos/Projetos e Avaliações/Desafios-Checkplant-Back-end/Desafio-CRUD-pontos-no-Mapa/src/models/Marcador-Schema.js","statementMap":{"0":{"start":{"line":1,"column":17},"end":{"line":1,"column":36}},"1":{"start":{"line":3,"column":20},"end":{"line":3,"column":30}},"2":{"start":{"line":4,"column":14},"end":{"line":4,"column":35}},"3":{"start":{"line":6,"column":23},"end":{"line":11,"column":22}},"4":{"start":{"line":15,"column":19},"end":{"line":15,"column":63}},"5":{"start":{"line":17,"column":0},"end":{"line":17,"column":28}}},"fnMap":{},"branchMap":{},"s":{"0":1,"1":1,"2":1,"3":1,"4":1,"5":1},"f":{},"b":{},"_coverageSchema":"1a1c01bbd47fc00a2c39e90264f33305004495a9","hash":"0d7b9c81b31d381d5f410cb2804a9b191bea7b02"}
,"/home/angelo/Documentos/Projetos e Avaliações/Desafios-Checkplant-Back-end/Desafio-CRUD-pontos-no-Mapa/src/routes/index.js": {"path":"/home/angelo/Documentos/Projetos e Avaliações/Desafios-Checkplant-Back-end/Desafio-CRUD-pontos-no-Mapa/src/routes/index.js","statementMap":{"0":{"start":{"line":1,"column":16},"end":{"line":1,"column":34}},"1":{"start":{"line":2,"column":19},"end":{"line":2,"column":51}},"2":{"start":{"line":4,"column":15},"end":{"line":13,"column":1}},"3":{"start":{"line":5,"column":4},"end":{"line":7,"column":6}},"4":{"start":{"line":6,"column":8},"end":{"line":6,"column":40}},"5":{"start":{"line":9,"column":4},"end":{"line":12,"column":5}},"6":{"start":{"line":15,"column":0},"end":{"line":15,"column":24}}},"fnMap":{"0":{"name":"(anonymous_0)","decl":{"start":{"line":4,"column":15},"end":{"line":4,"column":16}},"loc":{"start":{"line":4,"column":24},"end":{"line":13,"column":1}},"line":4},"1":{"name":"(anonymous_1)","decl":{"start":{"line":5,"column":23},"end":{"line":5,"column":24}},"loc":{"start":{"line":5,"column":37},"end":{"line":7,"column":5}},"line":5}},"branchMap":{},"s":{"0":1,"1":1,"2":1,"3":1,"4":1,"5":1,"6":1},"f":{"0":1,"1":1},"b":{},"_coverageSchema":"1a1c01bbd47fc00a2c39e90264f33305004495a9","hash":"d04b9dd267480df2d50b90e8cbede3c05f8d5e5e"}
,"/home/angelo/Documentos/Projetos e Avaliações/Desafios-Checkplant-Back-end/Desafio-CRUD-pontos-no-Mapa/src/routes/marcadoresRoutes.js": {"path":"/home/angelo/Documentos/Projetos e Avaliações/Desafios-Checkplant-Back-end/Desafio-CRUD-pontos-no-Mapa/src/routes/marcadoresRoutes.js","statementMap":{"0":{"start":{"line":1,"column":16},"end":{"line":1,"column":34}},"1":{"start":{"line":2,"column":29},"end":{"line":2,"column":78}},"2":{"start":{"line":4,"column":15},"end":{"line":4,"column":31}},"3":{"start":{"line":6,"column":0},"end":{"line":11,"column":67}},"4":{"start":{"line":13,"column":0},"end":{"line":13,"column":24}}},"fnMap":{},"branchMap":{},"s":{"0":1,"1":1,"2":1,"3":1,"4":1},"f":{},"b":{},"_coverageSchema":"1a1c01bbd47fc00a2c39e90264f33305004495a9","hash":"c864fdb9d12fe772e623bc0ee805d2aa62ef902b"}
}
